# JRE version: Java(TM) SE Runtime Environment (8.0_121-b13) (build 1.8.0_121-b13)
# Java VM: Java HotSpot(TM) 64-Bit Server VM (25.121-b13 mixed mode windows-amd64 compressed oops)
Heap:
 PSYoungGen      total 205824K, used 1285K [0x00000000d5d00000, 0x00000000e5980000, 0x0000000100000000)
  eden space 186880K, 0% used [0x00000000d5d00000,0x00000000d5de1488,0x00000000e1380000)
  from space 18944K, 2% used [0x00000000e3480000,0x00000000e34e0000,0x00000000e4700000)
  to   space 18944K, 0% used [0x00000000e4700000,0x00000000e4700000,0x00000000e5980000)
 ParOldGen       total 89088K, used 31162K [0x0000000081600000, 0x0000000086d00000, 0x00000000d5d00000)
  object space 89088K, 34% used [0x0000000081600000,0x000000008346e960,0x0000000086d00000)
 Metaspace       used 53050K, capacity 55864K, committed 56192K, reserved 1097728K
  class space    used 6979K, capacity 7469K, committed 7552K, reserved 1048576K
GC Heap History (10 events):
Event: 50.994 GC heap before
{Heap before GC invocations=11 (full 2):
 PSYoungGen      total 169472K, used 158720K [0x00000000d5d00000, 0x00000000e3400000, 0x0000000100000000)
  eden space 158720K, 100% used [0x00000000d5d00000,0x00000000df800000,0x00000000df800000)
  from space 10752K, 0% used [0x00000000e0500000,0x00000000e0500000,0x00000000e0f80000)
  to   space 13312K, 0% used [0x00000000df800000,0x00000000df800000,0x00000000e0500000)
 ParOldGen       total 89088K, used 17669K [0x0000000081600000, 0x0000000086d00000, 0x00000000d5d00000)
  object space 89088K, 19% used [0x0000000081600000,0x0000000082741750,0x0000000086d00000)
 Metaspace       used 44729K, capacity 47126K, committed 47488K, reserved 1089536K
  class space    used 5968K, capacity 6402K, committed 6528K, reserved 1048576K
Event: 51.031 GC heap after
Heap after GC invocations=11 (full 2):
 PSYoungGen      total 172032K, used 13308K [0x00000000d5d00000, 0x00000000e4480000, 0x0000000100000000)
  eden space 158720K, 0% used [0x00000000d5d00000,0x00000000d5d00000,0x00000000df800000)
  from space 13312K, 99% used [0x00000000df800000,0x00000000e04ff010,0x00000000e0500000)
  to   space 15872K, 0% used [0x00000000e3500000,0x00000000e3500000,0x00000000e4480000)
 ParOldGen       total 89088K, used 20113K [0x0000000081600000, 0x0000000086d00000, 0x00000000d5d00000)
  object space 89088K, 22% used [0x0000000081600000,0x00000000829a47d0,0x0000000086d00000)
 Metaspace       used 44729K, capacity 47126K, committed 47488K, reserved 1089536K
  class space    used 5968K, capacity 6402K, committed 6528K, reserved 1048576K
}
Event: 1063.486 GC heap before
{Heap before GC invocations=12 (full 2):
 PSYoungGen      total 172032K, used 172028K [0x00000000d5d00000, 0x00000000e4480000, 0x0000000100000000)
  eden space 158720K, 100% used [0x00000000d5d00000,0x00000000df800000,0x00000000df800000)
  from space 13312K, 99% used [0x00000000df800000,0x00000000e04ff010,0x00000000e0500000)
  to   space 15872K, 0% used [0x00000000e3500000,0x00000000e3500000,0x00000000e4480000)
 ParOldGen       total 89088K, used 20113K [0x0000000081600000, 0x0000000086d00000, 0x00000000d5d00000)
  object space 89088K, 22% used [0x0000000081600000,0x00000000829a47d0,0x0000000086d00000)
 Metaspace       used 52006K, capacity 54762K, committed 54912K, reserved 1097728K
  class space    used 6964K, capacity 7436K, committed 7552K, reserved 1048576K
Event: 1063.548 GC heap after
Heap after GC invocations=12 (full 2):
 PSYoungGen      total 214016K, used 15865K [0x00000000d5d00000, 0x00000000e4480000, 0x0000000100000000)
  eden space 198144K, 0% used [0x00000000d5d00000,0x00000000d5d00000,0x00000000e1e80000)
  from space 15872K, 99% used [0x00000000e3500000,0x00000000e447e450,0x00000000e4480000)
  to   space 17920K, 0% used [0x00000000e2180000,0x00000000e2180000,0x00000000e3300000)
 ParOldGen       total 89088K, used 20409K [0x0000000081600000, 0x0000000086d00000, 0x00000000d5d00000)
  object space 89088K, 22% used [0x0000000081600000,0x00000000829ee490,0x0000000086d00000)
 Metaspace       used 52006K, capacity 54762K, committed 54912K, reserved 1097728K
  class space    used 6964K, capacity 7436K, committed 7552K, reserved 1048576K
}
Event: 9269.768 GC heap before
{Heap before GC invocations=13 (full 2):
 PSYoungGen      total 214016K, used 214009K [0x00000000d5d00000, 0x00000000e4480000, 0x0000000100000000)
  eden space 198144K, 100% used [0x00000000d5d00000,0x00000000e1e80000,0x00000000e1e80000)
  from space 15872K, 99% used [0x00000000e3500000,0x00000000e447e450,0x00000000e4480000)
  to   space 17920K, 0% used [0x00000000e2180000,0x00000000e2180000,0x00000000e3300000)
 ParOldGen       total 89088K, used 20409K [0x0000000081600000, 0x0000000086d00000, 0x00000000d5d00000)
  object space 89088K, 22% used [0x0000000081600000,0x00000000829ee490,0x0000000086d00000)
 Metaspace       used 52709K, capacity 55416K, committed 55680K, reserved 1097728K
  class space    used 6974K, capacity 7437K, committed 7552K, reserved 1048576K
Event: 9269.829 GC heap after
Heap after GC invocations=13 (full 2):
 PSYoungGen      total 219136K, used 224K [0x00000000d5d00000, 0x00000000e6b00000, 0x0000000100000000)
  eden space 201216K, 0% used [0x00000000d5d00000,0x00000000d5d00000,0x00000000e2180000)
  from space 17920K, 1% used [0x00000000e2180000,0x00000000e21b8000,0x00000000e3300000)
  to   space 18432K, 0% used [0x00000000e5900000,0x00000000e5900000,0x00000000e6b00000)
 ParOldGen       total 89088K, used 31130K [0x0000000081600000, 0x0000000086d00000, 0x00000000d5d00000)
  object space 89088K, 34% used [0x0000000081600000,0x0000000083466960,0x0000000086d00000)
 Metaspace       used 52709K, capacity 55416K, committed 55680K, reserved 1097728K
  class space    used 6974K, capacity 7437K, committed 7552K, reserved 1048576K
}
Event: 14954.480 GC heap before
{Heap before GC invocations=14 (full 2):
 PSYoungGen      total 219136K, used 201440K [0x00000000d5d00000, 0x00000000e6b00000, 0x0000000100000000)
  eden space 201216K, 100% used [0x00000000d5d00000,0x00000000e2180000,0x00000000e2180000)
  from space 17920K, 1% used [0x00000000e2180000,0x00000000e21b8000,0x00000000e3300000)
  to   space 18432K, 0% used [0x00000000e5900000,0x00000000e5900000,0x00000000e6b00000)
 ParOldGen       total 89088K, used 31130K [0x0000000081600000, 0x0000000086d00000, 0x00000000d5d00000)
  object space 89088K, 34% used [0x0000000081600000,0x0000000083466960,0x0000000086d00000)
 Metaspace       used 52965K, capacity 55696K, committed 55936K, reserved 1097728K
  class space    used 6975K, capacity 7437K, committed 7552K, reserved 1048576K
Event: 14954.489 GC heap after
Heap after GC invocations=14 (full 2):
 PSYoungGen      total 194560K, used 192K [0x00000000d5d00000, 0x00000000e5980000, 0x0000000100000000)
  eden space 194048K, 0% used [0x00000000d5d00000,0x00000000d5d00000,0x00000000e1a80000)
  from space 512K, 37% used [0x00000000e5900000,0x00000000e5930000,0x00000000e5980000)
  to   space 18944K, 0% used [0x00000000e3480000,0x00000000e3480000,0x00000000e4700000)
 ParOldGen       total 89088K, used 31138K [0x0000000081600000, 0x0000000086d00000, 0x00000000d5d00000)
  object space 89088K, 34% used [0x0000000081600000,0x0000000083468960,0x0000000086d00000)
 Metaspace       used 52965K, capacity 55696K, committed 55936K, reserved 1097728K
  class space    used 6975K, capacity 7437K, committed 7552K, reserved 1048576K
}
Event: 98572.293 GC heap before
{Heap before GC invocations=15 (full 2):
 PSYoungGen      total 194560K, used 194240K [0x00000000d5d00000, 0x00000000e5980000, 0x0000000100000000)
  eden space 194048K, 100% used [0x00000000d5d00000,0x00000000e1a80000,0x00000000e1a80000)
  from space 512K, 37% used [0x00000000e5900000,0x00000000e5930000,0x00000000e5980000)
  to   space 18944K, 0% used [0x00000000e3480000,0x00000000e3480000,0x00000000e4700000)
 ParOldGen       total 89088K, used 31138K [0x0000000081600000, 0x0000000086d00000, 0x00000000d5d00000)
  object space 89088K, 34% used [0x0000000081600000,0x0000000083468960,0x0000000086d00000)
 Metaspace       used 53050K, capacity 55864K, committed 56192K, reserved 1097728K
  class space    used 6979K, capacity 7469K, committed 7552K, reserved 1048576K
Event: 98572.662 GC heap after
Heap after GC invocations=15 (full 2):
 PSYoungGen      total 205824K, used 384K [0x00000000d5d00000, 0x00000000e5980000, 0x0000000100000000)
  eden space 186880K, 0% used [0x00000000d5d00000,0x00000000d5d00000,0x00000000e1380000)
  from space 18944K, 2% used [0x00000000e3480000,0x00000000e34e0000,0x00000000e4700000)
  to   space 18944K, 0% used [0x00000000e4700000,0x00000000e4700000,0x00000000e5980000)
 ParOldGen       total 89088K, used 31162K [0x0000000081600000, 0x0000000086d00000, 0x00000000d5d00000)
  object space 89088K, 34% used [0x0000000081600000,0x000000008346e960,0x0000000086d00000)
 Metaspace       used 53050K, capacity 55864K, committed 56192K, reserved 1097728K
  class space    used 6979K, capacity 7469K, committed 7552K, reserved 1048576K
}

